<?xml version="1.0" encoding="UTF-8"?>
<!-- Generated by org.testng.reporters.JUnitReportReporter -->
<testsuite hostname="DESKTOP-GLSEC1K" failures="0" tests="4" name="Mytest" time="0.824" errors="0" timestamp="2024-06-11T16:53:54 EET" skipped="2">
  <testcase classname="Mytest" name="loginTest" time="0.429"/>
  <system-out/>
  <testcase classname="Mytest" name="llElementsfindAThatHasTheTextLabs" time="0.395"/>
  <system-out/>
  <testcase classname="Mytest" name="addOneItemAndSkipTheNextItem">
    <skipped/>
  </testcase> <!-- addOneItemAndSkipTheNextItem -->
  <system-out/>
  <testcase classname="Mytest" name="addAllItems">
    <skipped/>
  </testcase> <!-- addAllItems -->
  <system-out/>
</testsuite> <!-- Mytest -->
